<?xml version="1.0" encoding="utf-8"?><testsuites name="pytest tests"><testsuite name="pytest" errors="0" failures="0" skipped="0" tests="11" time="7.258" timestamp="2026-06-17T10:21:19.538239+00:00" hostname="agent-env-36033949-5691-41fd-ac58-3fdec7b3c83e"><testcase classname="backend.tests.test_iteration16_opengraph" name="test_og_default_png_served_as_png" time="0.427" /><testcase classname="backend.tests.test_iteration16_opengraph" name="test_og_default_aliases" time="0.743" /><testcase classname="backend.tests.test_iteration16_opengraph" name="test_home_og_meta_complete" time="0.233" /><testcase classname="backend.tests.test_iteration16_opengraph" name="test_product_og_and_product_tags" time="0.241" /><testcase classname="backend.tests.test_iteration16_opengraph" name="test_blog_post_article_tags_and_own_image" time="0.216" /><testcase classname="backend.tests.test_iteration16_opengraph" name="test_category_uses_first_product_image" time="0.198" /><testcase classname="backend.tests.test_iteration16_opengraph" name="test_hub_uses_real_content_image" time="0.207" /><testcase classname="backend.tests.test_iteration16_opengraph" name="test_admin_seo_tokens_inputs_visible" time="0.785" /><testcase classname="backend.tests.test_iteration16_opengraph" name="test_admin_save_twitter_and_fb_then_emitted_on_home" time="2.261" /><testcase classname="backend.tests.test_iteration16_opengraph" name="test_regression_authorized_reseller_toggle" time="1.653" /><testcase classname="backend.tests.test_iteration16_opengraph" name="test_regression_pwa_manifest" time="0.205" /></testsuite></testsuites>