<?xml version="1.0" encoding="utf-8"?><testsuites name="pytest tests"><testsuite name="pytest" errors="0" failures="0" skipped="0" tests="16" time="5.011" timestamp="2026-06-15T22:11:22.237123+00:00" hostname="agent-env-36033949-5691-41fd-ac58-3fdec7b3c83e"><testcase classname="backend.tests.test_iteration13_header_and_golive.TestGoLiveEndpoint" name="test_anonymous_returns_403" time="0.136" /><testcase classname="backend.tests.test_iteration13_header_and_golive.TestGoLiveEndpoint" name="test_admin_returns_200_with_8_checks" time="1.534" /><testcase classname="backend.tests.test_iteration13_header_and_golive.TestGoLiveEndpoint" name="test_admin_persists_last_run" time="1.157" /><testcase classname="backend.tests.test_iteration13_header_and_golive.TestAdminTabsRegression" name="test_tab_renders_without_php_error[dashboard]" time="0.138" /><testcase classname="backend.tests.test_iteration13_header_and_golive.TestAdminTabsRegression" name="test_tab_renders_without_php_error[ai-blogger]" time="0.134" /><testcase classname="backend.tests.test_iteration13_header_and_golive.TestAdminTabsRegression" name="test_tab_renders_without_php_error[schedule]" time="0.138" /><testcase classname="backend.tests.test_iteration13_header_and_golive.TestAdminTabsRegression" name="test_api_gw_card_tab_renders" time="0.125" /><testcase classname="backend.tests.test_iteration13_header_and_golive.TestHeaderHtml" name="test_navbar_actions_has_flex_nowrap" time="0.064" /><testcase classname="backend.tests.test_iteration13_header_and_golive.TestHeaderHtml" name="test_phone_cta_is_single_line" time="0.060" /><testcase classname="backend.tests.test_iteration13_header_and_golive.TestHeaderHtml" name="test_cart_button_present" time="0.056" /><testcase classname="backend.tests.test_iteration13_header_and_golive.TestSeoEndpoints" name="test_endpoint_returns_200[/sitemap.xml]" time="0.138" /><testcase classname="backend.tests.test_iteration13_header_and_golive.TestSeoEndpoints" name="test_endpoint_returns_200[/robots.txt]" time="0.068" /><testcase classname="backend.tests.test_iteration13_header_and_golive.TestSeoEndpoints" name="test_endpoint_returns_200[/ai.txt]" time="0.057" /><testcase classname="backend.tests.test_iteration13_header_and_golive.TestSeoEndpoints" name="test_endpoint_returns_200[/llms.txt]" time="0.053" /><testcase classname="backend.tests.test_iteration13_header_and_golive.TestSeoEndpoints" name="test_endpoint_returns_200[/merchant-feed.xml]" time="0.068" /><testcase classname="backend.tests.test_iteration13_header_and_golive.TestSeoEndpoints" name="test_indexnow_key_endpoint" time="1.002" /></testsuite></testsuites>