<?xml version="1.0" encoding="utf-8"?><testsuites name="pytest tests"><testsuite name="pytest" errors="0" failures="0" skipped="0" tests="32" time="46.413" timestamp="2026-06-15T21:24:35.261728+00:00" hostname="agent-env-36033949-5691-41fd-ac58-3fdec7b3c83e"><testcase classname="backend.tests.test_iteration10_ai_blogger_qa.TestAdminLoginAndPageLoad" name="test_login_success_lands_on_admin" time="0.733" /><testcase classname="backend.tests.test_iteration10_ai_blogger_qa.TestAdminLoginAndPageLoad" name="test_ai_blogger_tab_renders_no_php_errors" time="0.133" /><testcase classname="backend.tests.test_iteration10_ai_blogger_qa.TestPostButtons" name="test_write_one_underserved_post" time="0.292" /><testcase classname="backend.tests.test_iteration10_ai_blogger_qa.TestPostButtons" name="test_random_post" time="12.923" /><testcase classname="backend.tests.test_iteration10_ai_blogger_qa.TestPostButtons" name="test_publish_full_batch_seo_run" time="9.547" /><testcase classname="backend.tests.test_iteration10_ai_blogger_qa.TestPostButtons" name="test_trend_now_featured_trends_article" time="16.156" /><testcase classname="backend.tests.test_iteration10_ai_blogger_qa.TestSitemapAndSeoButtons" name="test_submit_sitemap_handler" time="0.466" /><testcase classname="backend.tests.test_iteration10_ai_blogger_qa.TestSitemapAndSeoButtons" name="test_view_sitemap_xml" time="0.166" /><testcase classname="backend.tests.test_iteration10_ai_blogger_qa.TestSitemapAndSeoButtons" name="test_view_blog" time="0.123" /><testcase classname="backend.tests.test_iteration10_ai_blogger_qa.TestSitemapAndSeoButtons" name="test_run_seo_audit" time="0.119" /><testcase classname="backend.tests.test_iteration10_ai_blogger_qa.TestSitemapAndSeoButtons" name="test_auto_weekly_toggle_persists" time="1.233" /><testcase classname="backend.tests.test_iteration10_ai_blogger_qa.TestApiKeyValidation" name="test_invalid_ai_key_rejected" time="0.148" /><testcase classname="backend.tests.test_iteration10_ai_blogger_qa.TestApiKeyValidation" name="test_valid_ai_key_format_accepted" time="0.127" /><testcase classname="backend.tests.test_iteration10_ai_blogger_qa.TestHealthCheck" name="test_eleven_tiles_render" time="0.144" /><testcase classname="backend.tests.test_iteration10_ai_blogger_qa.TestHealthCheck" name="test_health_probe_shows_real_http_verdicts" time="0.130" /><testcase classname="backend.tests.test_iteration10_ai_blogger_qa.TestHealthCheck" name="test_recheck_button" time="1.426" /><testcase classname="backend.tests.test_iteration10_ai_blogger_qa.TestHealthCheck" name="test_verify_all_button" time="0.190" /><testcase classname="backend.tests.test_iteration10_ai_blogger_qa.TestTopicClusterHubs" name="test_autogen_hubs" time="0.252" /><testcase classname="backend.tests.test_iteration10_ai_blogger_qa.TestTopicClusterHubs" name="test_existing_hub_pages_200[microsoft-office]" time="0.207" /><testcase classname="backend.tests.test_iteration10_ai_blogger_qa.TestTopicClusterHubs" name="test_existing_hub_pages_200[windows]" time="0.202" /><testcase classname="backend.tests.test_iteration10_ai_blogger_qa.TestTopicClusterHubs" name="test_existing_hub_pages_200[antivirus]" time="0.181" /><testcase classname="backend.tests.test_iteration10_ai_blogger_qa.TestSeoDiscoveryLab" name="test_drop_zone_present" time="0.147" /><testcase classname="backend.tests.test_iteration10_ai_blogger_qa.TestSeoDiscoveryLab" name="test_csv_paste_import" time="0.133" /><testcase classname="backend.tests.test_iteration10_ai_blogger_qa.TestCronUrls" name="test_ai_blogger_cron_url_is_https" time="0.130" /><testcase classname="backend.tests.test_iteration10_ai_blogger_qa.TestCronUrls" name="test_smtp_cron_url_is_https" time="0.122" /><testcase classname="backend.tests.test_iteration10_ai_blogger_qa.TestCategoryBreadcrumb" name="test_office_mac_has_single_breadcrumb" time="0.174" /><testcase classname="backend.tests.test_iteration10_ai_blogger_qa.TestPublicSeoEndpoints" name="test_endpoint_200[/sitemap.xml-&lt;urlset]" time="0.172" /><testcase classname="backend.tests.test_iteration10_ai_blogger_qa.TestPublicSeoEndpoints" name="test_endpoint_200[/robots.txt-User-agent]" time="0.121" /><testcase classname="backend.tests.test_iteration10_ai_blogger_qa.TestPublicSeoEndpoints" name="test_endpoint_200[/ai.txt-]" time="0.107" /><testcase classname="backend.tests.test_iteration10_ai_blogger_qa.TestPublicSeoEndpoints" name="test_endpoint_200[/llms.txt-]" time="0.124" /><testcase classname="backend.tests.test_iteration10_ai_blogger_qa.TestPublicSeoEndpoints" name="test_endpoint_200[/merchant-feed.xml-&lt;]" time="0.102" /><testcase classname="backend.tests.test_iteration10_ai_blogger_qa.TestPublicSeoEndpoints" name="test_indexnow_key_file_exists" time="0.105" /></testsuite></testsuites>