<?xml version="1.0" encoding="utf-8"?><testsuites name="pytest tests"><testsuite name="pytest" errors="0" failures="2" skipped="1" tests="28" time="4.806" timestamp="2026-06-15T21:54:26.156432+00:00" hostname="agent-env-36033949-5691-41fd-ac58-3fdec7b3c83e"><testcase classname="backend.tests.test_iteration11_email_validation_and_gateway.TestEmailValidationLead" name="test_lead_typo_domain_rejected" time="0.110" /><testcase classname="backend.tests.test_iteration11_email_validation_and_gateway.TestEmailValidationLead" name="test_lead_no_mx_domain_rejected" time="0.153" /><testcase classname="backend.tests.test_iteration11_email_validation_and_gateway.TestEmailValidationLead" name="test_lead_valid_email_accepted" time="0.140" /><testcase classname="backend.tests.test_iteration11_email_validation_and_gateway.TestEmailValidationContactPhp" name="test_contact_typo_domain_blocks_send" time="0.061" /><testcase classname="backend.tests.test_iteration11_email_validation_and_gateway.TestEmailValidationNotifyStock" name="test_notify_stock_no_mx_rejected" time="0.128"><failure message="AssertionError: expected 400 got 200 body={&quot;ok&quot;:true,&quot;already&quot;:true,&quot;message&quot;:&quot;You're already on the list \u2014 we'll email you the moment it's back in stock.&quot;}&#10;assert 200 == 400&#10; +  where 200 = &lt;Response [200]&gt;.status_code">E   AssertionError: expected 400 got 200 body={"ok":true,"already":true,"message":"You're already on the list \u2014 we'll email you the moment it's back in stock."}
    assert 200 == 400
     +  where 200 = &lt;Response [200]&gt;.status_code</failure></testcase><testcase classname="backend.tests.test_iteration11_email_validation_and_gateway.TestEmailOutboxQueued" name="test_forgot_password_creates_queued_row_not_sent" time="1.549" /><testcase classname="backend.tests.test_iteration11_email_validation_and_gateway.TestInstallScheduleNotify" name="test_admin_schedule_tab_renders_no_php_errors" time="0.135" /><testcase classname="backend.tests.test_iteration11_email_validation_and_gateway.TestInstallScheduleNotify" name="test_admin_install_pending_banner_optional" time="0.131" /><testcase classname="backend.tests.test_iteration11_email_validation_and_gateway.TestSidebarBadges" name="test_sidebar_has_both_badges_in_admin_shell" time="0.136" /><testcase classname="backend.tests.test_iteration11_email_validation_and_gateway.TestLeadsOnline" name="test_leads_online_requires_admin" time="0.053"><failure message="assert (200 in (302, 401, 403) or 'ok' not in '{&quot;ok&quot;:true,...6-06-15 21:5'&#10; +  where 200 = &lt;Response [200]&gt;.status_code&#10;  &#10;  'ok' is contained here:&#10;    {&quot;ok&quot;:true,&quot;now&quot;:&quot;2026-06-15T21:54:28+00:00&quot;,&quot;online_ids&quot;:[6],&quot;total&quot;:6,&quot;install_pending&quot;:0,&quot;latest&quot;:[{&quot;id&quot;:6,&quot;name&quot;:&quot;TEST_valid&quot;,&quot;email&quot;:&quot;valid@gmail.com&quot;,&quot;product&quot;:null,&quot;created_at&quot;:&quot;2026-06-15 21:5&#10;  ?   ++)">E   assert (200 in (302, 401, 403) or 'ok' not in '{"ok":true,...6-06-15 21:5'
     +  where 200 = &lt;Response [200]&gt;.status_code
      
      'ok' is contained here:
        {"ok":true,"now":"2026-06-15T21:54:28+00:00","online_ids":[6],"total":6,"install_pending":0,"latest":[{"id":6,"name":"TEST_valid","email":"valid@gmail.com","product":null,"created_at":"2026-06-15 21:5
      ?   ++)</failure></testcase><testcase classname="backend.tests.test_iteration11_email_validation_and_gateway.TestLeadsOnline" name="test_leads_online_returns_install_pending" time="0.052" /><testcase classname="backend.tests.test_iteration11_email_validation_and_gateway.TestGatewayKeyValidation" name="test_endpoint_requires_admin_auth" time="0.182" /><testcase classname="backend.tests.test_iteration11_email_validation_and_gateway.TestGatewayKeyValidation" name="test_stripe_empty_secret" time="0.053" /><testcase classname="backend.tests.test_iteration11_email_validation_and_gateway.TestGatewayKeyValidation" name="test_stripe_live_key_in_test_slot" time="0.051" /><testcase classname="backend.tests.test_iteration11_email_validation_and_gateway.TestGatewayKeyValidation" name="test_stripe_bad_test_key_rejected_by_stripe" time="0.157" /><testcase classname="backend.tests.test_iteration11_email_validation_and_gateway.TestGatewayKeyValidation" name="test_paypal_bad_credentials" time="0.398" /><testcase classname="backend.tests.test_iteration11_email_validation_and_gateway.TestGatewayUI" name="test_card_tab_has_validate_buttons" time="0.128" /><testcase classname="backend.tests.test_iteration11_email_validation_and_gateway.TestGatewayUI" name="test_paypal_tab_has_validate_buttons" time="0.138" /><testcase classname="backend.tests.test_iteration11_email_validation_and_gateway.TestGatewayUI" name="test_api_toggles_tab_loads" time="0.131" /><testcase classname="backend.tests.test_iteration11_email_validation_and_gateway.TestSmoke" name="test_public_seo_200[/sitemap.xml]" time="0.140" /><testcase classname="backend.tests.test_iteration11_email_validation_and_gateway.TestSmoke" name="test_public_seo_200[/robots.txt]" time="0.059" /><testcase classname="backend.tests.test_iteration11_email_validation_and_gateway.TestSmoke" name="test_public_seo_200[/ai.txt]" time="0.058" /><testcase classname="backend.tests.test_iteration11_email_validation_and_gateway.TestSmoke" name="test_public_seo_200[/llms.txt]" time="0.054" /><testcase classname="backend.tests.test_iteration11_email_validation_and_gateway.TestSmoke" name="test_public_seo_200[/merchant-feed.xml]" time="0.062" /><testcase classname="backend.tests.test_iteration11_email_validation_and_gateway.TestSmoke" name="test_indexnow_key_endpoint_200" time="0.048"><skipped type="pytest.skip" message="IndexNow key file not advertised in robots.txt">/app/backend/tests/test_iteration11_email_validation_and_gateway.py:320: IndexNow key file not advertised in robots.txt</skipped></testcase><testcase classname="backend.tests.test_iteration11_email_validation_and_gateway.TestSmoke" name="test_admin_tabs_no_php_errors[ai-blogger]" time="0.142" /><testcase classname="backend.tests.test_iteration11_email_validation_and_gateway.TestSmoke" name="test_admin_tabs_no_php_errors[schedule]" time="0.145" /><testcase classname="backend.tests.test_iteration11_email_validation_and_gateway.TestSmoke" name="test_admin_tabs_no_php_errors[leads]" time="0.131" /></testsuite></testsuites>