<?xml version="1.0" encoding="utf-8"?><testsuites name="pytest tests"><testsuite name="pytest" errors="0" failures="0" skipped="1" tests="28" time="5.418" timestamp="2026-06-15T21:57:22.814726+00:00" hostname="agent-env-36033949-5691-41fd-ac58-3fdec7b3c83e"><testcase classname="backend.tests.test_iteration11_email_validation_and_gateway.TestEmailValidationLead" name="test_lead_typo_domain_rejected" time="0.157" /><testcase classname="backend.tests.test_iteration11_email_validation_and_gateway.TestEmailValidationLead" name="test_lead_no_mx_domain_rejected" time="1.043" /><testcase classname="backend.tests.test_iteration11_email_validation_and_gateway.TestEmailValidationLead" name="test_lead_valid_email_accepted" time="0.187" /><testcase classname="backend.tests.test_iteration11_email_validation_and_gateway.TestEmailValidationContactPhp" name="test_contact_typo_domain_blocks_send" time="0.054" /><testcase classname="backend.tests.test_iteration11_email_validation_and_gateway.TestEmailValidationNotifyStock" name="test_notify_stock_no_mx_rejected" time="0.120" /><testcase classname="backend.tests.test_iteration11_email_validation_and_gateway.TestEmailOutboxQueued" name="test_forgot_password_creates_queued_row_not_sent" time="1.496" /><testcase classname="backend.tests.test_iteration11_email_validation_and_gateway.TestInstallScheduleNotify" name="test_admin_schedule_tab_renders_no_php_errors" time="0.135" /><testcase classname="backend.tests.test_iteration11_email_validation_and_gateway.TestInstallScheduleNotify" name="test_admin_install_pending_banner_optional" time="0.128" /><testcase classname="backend.tests.test_iteration11_email_validation_and_gateway.TestSidebarBadges" name="test_sidebar_has_both_badges_in_admin_shell" time="0.129" /><testcase classname="backend.tests.test_iteration11_email_validation_and_gateway.TestLeadsOnline" name="test_leads_online_requires_admin" time="0.048" /><testcase classname="backend.tests.test_iteration11_email_validation_and_gateway.TestLeadsOnline" name="test_leads_online_returns_install_pending" time="0.052" /><testcase classname="backend.tests.test_iteration11_email_validation_and_gateway.TestGatewayKeyValidation" name="test_endpoint_requires_admin_auth" time="0.051" /><testcase classname="backend.tests.test_iteration11_email_validation_and_gateway.TestGatewayKeyValidation" name="test_stripe_empty_secret" time="0.049" /><testcase classname="backend.tests.test_iteration11_email_validation_and_gateway.TestGatewayKeyValidation" name="test_stripe_live_key_in_test_slot" time="0.049" /><testcase classname="backend.tests.test_iteration11_email_validation_and_gateway.TestGatewayKeyValidation" name="test_stripe_bad_test_key_rejected_by_stripe" time="0.173" /><testcase classname="backend.tests.test_iteration11_email_validation_and_gateway.TestGatewayKeyValidation" name="test_paypal_bad_credentials" time="0.281" /><testcase classname="backend.tests.test_iteration11_email_validation_and_gateway.TestGatewayUI" name="test_card_tab_has_validate_buttons" time="0.131" /><testcase classname="backend.tests.test_iteration11_email_validation_and_gateway.TestGatewayUI" name="test_paypal_tab_has_validate_buttons" time="0.141" /><testcase classname="backend.tests.test_iteration11_email_validation_and_gateway.TestGatewayUI" name="test_api_toggles_tab_loads" time="0.137" /><testcase classname="backend.tests.test_iteration11_email_validation_and_gateway.TestSmoke" name="test_public_seo_200[/sitemap.xml]" time="0.118" /><testcase classname="backend.tests.test_iteration11_email_validation_and_gateway.TestSmoke" name="test_public_seo_200[/robots.txt]" time="0.050" /><testcase classname="backend.tests.test_iteration11_email_validation_and_gateway.TestSmoke" name="test_public_seo_200[/ai.txt]" time="0.051" /><testcase classname="backend.tests.test_iteration11_email_validation_and_gateway.TestSmoke" name="test_public_seo_200[/llms.txt]" time="0.049" /><testcase classname="backend.tests.test_iteration11_email_validation_and_gateway.TestSmoke" name="test_public_seo_200[/merchant-feed.xml]" time="0.053" /><testcase classname="backend.tests.test_iteration11_email_validation_and_gateway.TestSmoke" name="test_indexnow_key_endpoint_200" time="0.047"><skipped type="pytest.skip" message="IndexNow key file not advertised in robots.txt">/app/backend/tests/test_iteration11_email_validation_and_gateway.py:320: IndexNow key file not advertised in robots.txt</skipped></testcase><testcase classname="backend.tests.test_iteration11_email_validation_and_gateway.TestSmoke" name="test_admin_tabs_no_php_errors[ai-blogger]" time="0.152" /><testcase classname="backend.tests.test_iteration11_email_validation_and_gateway.TestSmoke" name="test_admin_tabs_no_php_errors[schedule]" time="0.123" /><testcase classname="backend.tests.test_iteration11_email_validation_and_gateway.TestSmoke" name="test_admin_tabs_no_php_errors[leads]" time="0.136" /></testsuite></testsuites>