<?xml version="1.0" encoding="utf-8"?><testsuites name="pytest tests"><testsuite name="pytest" errors="0" failures="0" skipped="0" tests="10" time="3.350" timestamp="2026-06-17T09:56:11.619632+00:00" hostname="agent-env-36033949-5691-41fd-ac58-3fdec7b3c83e"><testcase classname="backend.tests.test_iteration15_pwa_authorized_reseller.TestPwaManifest" name="test_manifest_200_and_content_type" time="0.379" /><testcase classname="backend.tests.test_iteration15_pwa_authorized_reseller.TestPwaManifest" name="test_manifest_json_keys" time="0.183" /><testcase classname="backend.tests.test_iteration15_pwa_authorized_reseller.TestPwaManifest" name="test_icons_200_png[/assets/images/favicon/icon-192.png]" time="0.044" /><testcase classname="backend.tests.test_iteration15_pwa_authorized_reseller.TestPwaManifest" name="test_icons_200_png[/assets/images/favicon/icon-512.png]" time="0.045" /><testcase classname="backend.tests.test_iteration15_pwa_authorized_reseller.TestPwaManifest" name="test_head_has_manifest_and_meta" time="0.327" /><testcase classname="backend.tests.test_iteration15_pwa_authorized_reseller.TestAuthorizedResellerToggle" name="test_default_on_state_homepage_has_three" time="0.228" /><testcase classname="backend.tests.test_iteration15_pwa_authorized_reseller.TestAuthorizedResellerToggle" name="test_checkout_has_brandtag_when_on" time="0.955" /><testcase classname="backend.tests.test_iteration15_pwa_authorized_reseller.TestAuthorizedResellerToggle" name="test_off_state_removes_all_three" time="0.189" /><testcase classname="backend.tests.test_iteration15_pwa_authorized_reseller.TestAuthorizedResellerToggle" name="test_restore_on_state" time="0.178" /><testcase classname="backend.tests.test_iteration15_pwa_authorized_reseller.TestAdminCompanyToggleUI" name="test_admin_company_form_has_toggle_input" time="0.746" /></testsuite></testsuites>