<?xml version="1.0" encoding="utf-8"?><testsuites name="pytest tests"><testsuite name="pytest" errors="0" failures="0" skipped="0" tests="13" time="4.361" timestamp="2026-06-17T10:45:59.592081+00:00" hostname="agent-env-36033949-5691-41fd-ac58-3fdec7b3c83e"><testcase classname="backend.tests.test_seo_og_iter17.TestOgProduct" name="test_og_product_live_then_cache" time="0.782" /><testcase classname="backend.tests.test_seo_og_iter17.TestOgProduct" name="test_og_product_unknown_slug_falls_back" time="0.197" /><testcase classname="backend.tests.test_seo_og_iter17.TestOgProduct" name="test_product_page_meta_uses_og_product" time="0.220" /><testcase classname="backend.tests.test_seo_og_iter17.TestLlmsTxt" name="test_llms_txt_has_blog_section" time="0.208" /><testcase classname="backend.tests.test_seo_og_iter17.TestRobotsTxt" name="test_robots_has_all_sitemap_lines" time="0.209" /><testcase classname="backend.tests.test_seo_og_iter17.TestRobotsTxt" name="test_robots_host_header_rewrite" time="0.111" /><testcase classname="backend.tests.test_seo_og_iter17.TestSitemap" name="test_sitemap_blog_post_count" time="0.209" /><testcase classname="backend.tests.test_seo_og_iter17.TestCanonicalHostRewrite" name="test_canonical_uses_request_host[/-None]" time="0.118" /><testcase classname="backend.tests.test_seo_og_iter17.TestCanonicalHostRewrite" name="test_canonical_uses_request_host[/shop.php-None]" time="0.112" /><testcase classname="backend.tests.test_seo_og_iter17.TestCanonicalHostRewrite" name="test_canonical_uses_request_host[/product.php-params2]" time="0.122" /><testcase classname="backend.tests.test_seo_og_iter17.TestPwaManifest" name="test_manifest_valid" time="0.220" /><testcase classname="backend.tests.test_seo_og_iter17.TestAuthorizedResellerToggle" name="test_reseller_toggle" time="1.029" /><testcase classname="backend.tests.test_seo_og_iter17.TestAdminAiBloggerOgInputs" name="test_admin_ai_blogger_has_og_inputs" time="0.735" /></testsuite></testsuites>