<?xml version="1.0" encoding="utf-8"?><testsuites name="pytest tests"><testsuite name="pytest" errors="0" failures="0" skipped="0" tests="306" time="74.529" timestamp="2026-06-14T23:19:36.050874+00:00" hostname="agent-env-36033949-5691-41fd-ac58-3fdec7b3c83e"><testcase classname="backend.tests.test_iteration2_features.TestReviewStars" name="test_stars_have_testids_and_no_pre_check" time="0.358" /><testcase classname="backend.tests.test_iteration2_features.TestReviewStars" name="test_server_rejects_empty_rating" time="0.060" /><testcase classname="backend.tests.test_iteration2_features.TestDarkModePolish" name="test_public_header_loads_dark_mode_polish_css" time="0.063" /><testcase classname="backend.tests.test_iteration2_features.TestDarkModePolish" name="test_admin_shell_loads_dark_mode_polish_css" time="0.490" /><testcase classname="backend.tests.test_iteration2_features.TestSitemapFlash" name="test_admin_source_has_no_ping_urls" time="0.004" /><testcase classname="backend.tests.test_iteration2_features.TestSitemapFlash" name="test_sitemap_submit_flash_no_deprecated_word" time="0.510" /><testcase classname="backend.tests.test_iteration2_features.TestAutoSitemapHint" name="test_hint_renders_when_domain_set" time="0.510" /><testcase classname="backend.tests.test_iteration2_features.TestSitemapButton" name="test_button_pre_submit_state" time="0.117" /><testcase classname="backend.tests.test_iteration2_features.TestSitemapButton" name="test_button_post_submit_state" time="0.131" /><testcase classname="backend.tests.test_iteration2_features.TestBlogFilter" name="test_blog_filter_form_present" time="0.050" /><testcase classname="backend.tests.test_iteration2_features.TestBlogFilter" name="test_blog_region_param_no_crash" time="0.055" /><testcase classname="backend.tests.test_iteration2_features.TestLogoPlacements" name="test_homepage_navbar_logo" time="0.053" /><testcase classname="backend.tests.test_iteration2_features.TestLogoPlacements" name="test_checkout_banner_logo" time="0.096" /><testcase classname="backend.tests.test_iteration2_features.TestLogoPlacements" name="test_admin_topbar_logo" time="0.111" /><testcase classname="backend.tests.test_iteration2_features.TestProductSixBlocks" name="test_six_blocks_and_all_parse" time="0.143" /><testcase classname="backend.tests.test_iteration2_features.TestProductSixBlocks" name="test_article_ai_summary_shape" time="0.001" /><testcase classname="backend.tests.test_iteration2_features.TestProductSixBlocks" name="test_product_seller_name" time="0.000" /><testcase classname="backend.tests.test_iteration2_features.TestCategoryFiveBlocks" name="test_office_pc_has_5_blocks" time="0.146" /><testcase classname="backend.tests.test_iteration2_features" name="test_public_pages_still_200[/-None]" time="0.058" /><testcase classname="backend.tests.test_iteration2_features" name="test_public_pages_still_200[/shop.php-None]" time="0.056" /><testcase classname="backend.tests.test_iteration2_features" name="test_public_pages_still_200[/reviews.php-None]" time="0.051" /><testcase classname="backend.tests.test_iteration2_features" name="test_public_pages_still_200[/blog.php-None]" time="0.059" /><testcase classname="backend.tests.test_iteration2_features" name="test_public_pages_still_200[/product.php-params4]" time="0.100" /><testcase classname="backend.tests.test_iteration2_features" name="test_public_pages_still_200[/category.php-params5]" time="0.095" /><testcase classname="backend.tests.test_iteration3_features.TestPublicBlogRegionFilter" name="test_region_returns_globals_plus_region[US]" time="0.226" /><testcase classname="backend.tests.test_iteration3_features.TestPublicBlogRegionFilter" name="test_region_returns_globals_plus_region[UK]" time="0.053" /><testcase classname="backend.tests.test_iteration3_features.TestPublicBlogRegionFilter" name="test_region_returns_globals_plus_region[CA]" time="0.051" /><testcase classname="backend.tests.test_iteration3_features.TestPublicBlogRegionFilter" name="test_region_returns_globals_plus_region[AU]" time="0.058" /><testcase classname="backend.tests.test_iteration3_features.TestPublicBlogRegionFilter" name="test_region_us_includes_known_us_post_and_global_post" time="0.055" /><testcase classname="backend.tests.test_iteration3_features.TestPublicBlogCombinedFilter" name="test_q_and_region_both_applied" time="0.109" /><testcase classname="backend.tests.test_iteration3_features.TestPublicBlogCombinedFilter" name="test_q_only_no_crash" time="0.053" /><testcase classname="backend.tests.test_iteration3_features.TestAdminPublishedBlogList" name="test_published_blog_list_present" time="0.490" /><testcase classname="backend.tests.test_iteration3_features.TestAdminPublishedBlogList" name="test_at_least_one_published_blog_row" time="0.000" /><testcase classname="backend.tests.test_iteration3_features.TestAdminPublishedBlogList" name="test_each_row_carries_region_attrs" time="0.000" /><testcase classname="backend.tests.test_iteration3_features.TestAdminPublishedBlogList" name="test_global_rows_render_globe_emoji_and_global_label" time="0.000" /><testcase classname="backend.tests.test_iteration3_features.TestAdminPublishedBlogList" name="test_region_specific_row_shows_country_flag_and_code" time="0.000" /><testcase classname="backend.tests.test_iteration3_features.TestAdminCountryPillScript" name="test_script_logic_keeps_globals_visible" time="0.107" /><testcase classname="backend.tests.test_iteration3_features.TestLlmJsonDecode" name="test_pure_json" time="0.055" /><testcase classname="backend.tests.test_iteration3_features.TestLlmJsonDecode" name="test_fenced_json" time="0.039" /><testcase classname="backend.tests.test_iteration3_features.TestLlmJsonDecode" name="test_chatty_prefix_plus_fence" time="0.040" /><testcase classname="backend.tests.test_iteration3_features.TestLlmJsonDecode" name="test_smart_quotes" time="0.039" /><testcase classname="backend.tests.test_iteration3_features.TestLlmJsonDecode" name="test_raw_newlines_inside_string" time="0.040" /><testcase classname="backend.tests.test_iteration3_features.TestLlmJsonDecode" name="test_garbage_returns_null" time="0.036" /><testcase classname="backend.tests.test_iteration3_features.TestLlmJsonDecode" name="test_trends_prompt_demands_pure_json" time="0.000" /><testcase classname="backend.tests.test_iteration3_features.TestTrendsErrorSnippet" name="test_error_format_in_source" time="0.000" /><testcase classname="backend.tests.test_iteration3_features.TestAutoWeeklyUI" name="test_form_and_toggle_and_hint_present" time="0.111" /><testcase classname="backend.tests.test_iteration3_features.TestAutoWeeklyUI" name="test_toggle_off_hint_says_off" time="0.122" /><testcase classname="backend.tests.test_iteration3_features.TestAutoWeeklyUI" name="test_toggle_on_hint_mentions_on_and_indexnow_7_days" time="0.132" /><testcase classname="backend.tests.test_iteration3_features.TestAutoWeeklyPersistence" name="test_post_persists_one" time="0.277" /><testcase classname="backend.tests.test_iteration3_features.TestAutoWeeklyPersistence" name="test_post_without_checkbox_persists_zero" time="0.185" /><testcase classname="backend.tests.test_iteration3_features.TestWeeklyTick" name="test_function_exists" time="0.000" /><testcase classname="backend.tests.test_iteration3_features.TestWeeklyTick" name="test_off_is_noop" time="0.062" /><testcase classname="backend.tests.test_iteration3_features.TestWeeklyTick" name="test_on_within_7_days_is_noop" time="0.088" /><testcase classname="backend.tests.test_iteration3_features.TestWeeklyTick" name="test_on_older_than_7_days_reaches_indexnow_path" time="0.184" /><testcase classname="backend.tests.test_iteration4_features.TestQuickActionsRegionPicker" name="test_select_present" time="0.645" /><testcase classname="backend.tests.test_iteration4_features.TestQuickActionsRegionPicker" name="test_five_options" time="0.000" /><testcase classname="backend.tests.test_iteration4_features.TestQuickActionCards" name="test_card_present_with_base_href_and_default_hint[ai-blogger-run-underserved-run_underserved_post=1-qa-underserved-hint-AI picks the next under-served country]" time="0.001" /><testcase classname="backend.tests.test_iteration4_features.TestQuickActionCards" name="test_card_present_with_base_href_and_default_hint[ai-blogger-run-random-run_random_post=1-qa-random-hint-Random product, random country]" time="0.001" /><testcase classname="backend.tests.test_iteration4_features.TestQuickActionCards" name="test_card_present_with_base_href_and_default_hint[ai-blogger-run-trends-run_trends_article=1&amp;force=1-qa-trends-hint-Long-form trends article on demand]" time="0.001" /><testcase classname="backend.tests.test_iteration4_features.TestQuickActionCards" name="test_trends_card_href_has_force" time="0.000" /><testcase classname="backend.tests.test_iteration4_features.TestQuickActionsJS" name="test_picker_js_present" time="0.003" /><testcase classname="backend.tests.test_iteration4_features.TestWriteOnePostWithRegion" name="test_run_underserved_with_region_us" time="11.481" /><testcase classname="backend.tests.test_iteration4_features.TestTrendsFunctionSignature" name="test_signature_has_target_region_default_all" time="0.001" /><testcase classname="backend.tests.test_iteration4_features.TestTrendsFunctionSignature" name="test_region_validation_array" time="0.000" /><testcase classname="backend.tests.test_iteration4_features.TestTrendsFunctionSignature" name="test_insert_uses_targetregion_var" time="0.000" /><testcase classname="backend.tests.test_iteration4_features.TestTrendsFunctionSignature" name="test_out_target_region_assigned" time="0.001" /><testcase classname="backend.tests.test_iteration4_features.TestRegionAudienceMap" name="test_map_exists_with_all_five" time="0.000" /><testcase classname="backend.tests.test_iteration4_features.TestRegionAudienceMap" name="test_map_entries_are_distinct" time="0.001" /><testcase classname="backend.tests.test_iteration4_features.TestRegionAudienceMap" name="test_audienceline_lookup_with_all_fallback" time="0.001" /><testcase classname="backend.tests.test_iteration4_features.TestTrendsSubSection" name="test_details_block_present" time="0.000" /><testcase classname="backend.tests.test_iteration4_features.TestTrendsSubSection" name="test_list_or_empty_state" time="0.001" /><testcase classname="backend.tests.test_iteration4_features.TestTrendsSubSection" name="test_generate_now_btn_present_with_force" time="0.000" /><testcase classname="backend.tests.test_iteration4_features.TestTrendsSubSection" name="test_trends_rows_have_data_attrs" time="0.001" /><testcase classname="backend.tests.test_iteration4_features.TestTrendsFilterPills" name="test_pill_present[trends-filter-all]" time="0.001" /><testcase classname="backend.tests.test_iteration4_features.TestTrendsFilterPills" name="test_pill_present[trends-filter-global]" time="0.001" /><testcase classname="backend.tests.test_iteration4_features.TestTrendsFilterPills" name="test_pill_present[trends-filter-us]" time="0.000" /><testcase classname="backend.tests.test_iteration4_features.TestTrendsFilterPills" name="test_pill_present[trends-filter-uk]" time="0.001" /><testcase classname="backend.tests.test_iteration4_features.TestTrendsFilterPills" name="test_pill_present[trends-filter-au]" time="0.000" /><testcase classname="backend.tests.test_iteration4_features.TestTrendsFilterPills" name="test_pill_present[trends-filter-ca]" time="0.001" /><testcase classname="backend.tests.test_iteration4_features.TestTrendsFilterPills" name="test_counts_sum_invariant" time="0.002" /><testcase classname="backend.tests.test_iteration4_features.TestTrendsFilterJS" name="test_three_rules_present" time="0.001" /><testcase classname="backend.tests.test_iteration4_features.TestPublishedBlogListRegression" name="test_published_blog_list_testid" time="0.000" /><testcase classname="backend.tests.test_iteration4_features.TestPublishedBlogListRegression" name="test_country_pills_still_present" time="0.001" /><testcase classname="backend.tests.test_iteration4_features.TestFlashMessageBranches" name="test_global_label_branch" time="0.000" /><testcase classname="backend.tests.test_iteration4_features.TestFlashMessageBranches" name="test_flash_includes_published_text" time="0.000" /><testcase classname="backend.tests.test_iteration4_features.TestFlashMessageBranches" name="test_handler_passes_third_arg" time="0.000" /><testcase classname="backend.tests.test_iteration4_features.TestFlashMessageBranches" name="test_handler_normalises_region" time="0.000" /><testcase classname="backend.tests.test_iteration5_features.TestHomepageWebsiteSearchAction" name="test_homepage_has_two_jsonld_blocks" time="0.249" /><testcase classname="backend.tests.test_iteration5_features.TestHomepageWebsiteSearchAction" name="test_website_block_present" time="0.181" /><testcase classname="backend.tests.test_iteration5_features.TestHomepageWebsiteSearchAction" name="test_searchaction_target_template" time="0.229" /><testcase classname="backend.tests.test_iteration5_features.TestContactPageSchema" name="test_contactpage_present" time="0.180" /><testcase classname="backend.tests.test_iteration5_features.TestContactPageSchema" name="test_contactpage_about_org" time="0.173" /><testcase classname="backend.tests.test_iteration5_features.TestContactPageSchema" name="test_contactpage_contactpoint_array" time="0.183" /><testcase classname="backend.tests.test_iteration5_features.TestAboutPageSchema" name="test_aboutpage_present" time="0.180" /><testcase classname="backend.tests.test_iteration5_features.TestAboutPageSchema" name="test_aboutpage_mainentity_eeat" time="0.189" /><testcase classname="backend.tests.test_iteration5_features.TestBlogPostJsonLd" name="test_article_block_present" time="0.178" /><testcase classname="backend.tests.test_iteration5_features.TestBlogPostJsonLd" name="test_wordcount_is_positive_int" time="0.177" /><testcase classname="backend.tests.test_iteration5_features.TestBlogPostJsonLd" name="test_time_required_iso8601" time="0.179" /><testcase classname="backend.tests.test_iteration5_features.TestBlogPostJsonLd" name="test_publisher_org_id" time="0.197" /><testcase classname="backend.tests.test_iteration5_features.TestBlogPostJsonLd" name="test_author_person_or_org_with_knowsabout" time="0.172" /><testcase classname="backend.tests.test_iteration5_features.TestBlogPostJsonLd" name="test_speakable_present" time="0.183" /><testcase classname="backend.tests.test_iteration5_features.TestBlogPostVisible" name="test_byline_present" time="0.179" /><testcase classname="backend.tests.test_iteration5_features.TestBlogPostVisible" name="test_last_updated_stamp_shown_on_ai_post" time="0.409" /><testcase classname="backend.tests.test_iteration5_features.TestBlogPostVisible" name="test_no_quick_answer_when_no_lead" time="0.177" /><testcase classname="backend.tests.test_iteration5_features.TestBlogPostAiPostQuickAnswer" name="test_ai_post_has_quick_answer" time="0.191" /><testcase classname="backend.tests.test_iteration5_features.TestBlogPostAiPostQuickAnswer" name="test_ai_post_has_author_badge" time="0.174" /><testcase classname="backend.tests.test_iteration5_features.TestBlogPostAiPostQuickAnswer" name="test_ai_post_has_byline" time="0.186" /><testcase classname="backend.tests.test_iteration5_features.TestProductSevenBlocks" name="test_seven_blocks" time="0.226" /><testcase classname="backend.tests.test_iteration5_features.TestProductSevenBlocks" name="test_all_required_types_present" time="0.215" /><testcase classname="backend.tests.test_iteration5_features.TestProductSevenBlocks" name="test_product_offer_seller_and_reviews" time="0.220" /><testcase classname="backend.tests.test_iteration5_features.TestProductSevenBlocks" name="test_paa_faqpage_has_six_questions" time="0.219" /><testcase classname="backend.tests.test_iteration5_features.TestProductQuickAnswer" name="test_quick_answer_present" time="0.224" /><testcase classname="backend.tests.test_iteration5_features.TestProductQuickAnswer" name="test_quick_answer_label" time="0.267" /><testcase classname="backend.tests.test_iteration5_features.TestProductQuickAnswer" name="test_quick_answer_body_length" time="0.223" /><testcase classname="backend.tests.test_iteration5_features.TestProductPAA" name="test_paa_present" time="0.221" /><testcase classname="backend.tests.test_iteration5_features.TestProductPAA" name="test_paa_question_present[0]" time="0.238" /><testcase classname="backend.tests.test_iteration5_features.TestProductPAA" name="test_paa_question_present[1]" time="0.217" /><testcase classname="backend.tests.test_iteration5_features.TestProductPAA" name="test_paa_question_present[2]" time="0.213" /><testcase classname="backend.tests.test_iteration5_features.TestProductPAA" name="test_paa_question_present[3]" time="0.235" /><testcase classname="backend.tests.test_iteration5_features.TestProductPAA" name="test_paa_question_present[4]" time="0.227" /><testcase classname="backend.tests.test_iteration5_features.TestProductPAA" name="test_paa_question_present[5]" time="1.194" /><testcase classname="backend.tests.test_iteration5_features.TestProductPAA" name="test_paa_answer_wordcount[0]" time="1.184" /><testcase classname="backend.tests.test_iteration5_features.TestProductPAA" name="test_paa_answer_wordcount[1]" time="1.191" /><testcase classname="backend.tests.test_iteration5_features.TestProductPAA" name="test_paa_answer_wordcount[2]" time="1.221" /><testcase classname="backend.tests.test_iteration5_features.TestProductPAA" name="test_paa_answer_wordcount[3]" time="1.193" /><testcase classname="backend.tests.test_iteration5_features.TestProductPAA" name="test_paa_answer_wordcount[4]" time="1.209" /><testcase classname="backend.tests.test_iteration5_features.TestProductPAA" name="test_paa_answer_wordcount[5]" time="1.182" /><testcase classname="backend.tests.test_iteration5_features.TestCategoryAEOAndBreadcrumb" name="test_breadcrumb_present" time="1.186" /><testcase classname="backend.tests.test_iteration5_features.TestCategoryAEOAndBreadcrumb" name="test_breadcrumb_text_chain" time="1.219" /><testcase classname="backend.tests.test_iteration5_features.TestCategoryAEOAndBreadcrumb" name="test_quick_answer_present_with_price" time="1.208" /><testcase classname="backend.tests.test_iteration5_features.TestCategoryFiveJsonLd" name="test_office_pc_five_blocks" time="1.182" /><testcase classname="backend.tests.test_iteration5_features.TestRobotsTxt" name="test_allow_root" time="0.092" /><testcase classname="backend.tests.test_iteration5_features.TestRobotsTxt" name="test_disallow_admin" time="0.092" /><testcase classname="backend.tests.test_iteration5_features.TestRobotsTxt" name="test_ai_bot_allow_listed[GPTBot]" time="0.092" /><testcase classname="backend.tests.test_iteration5_features.TestRobotsTxt" name="test_ai_bot_allow_listed[ClaudeBot]" time="0.094" /><testcase classname="backend.tests.test_iteration5_features.TestRobotsTxt" name="test_ai_bot_allow_listed[PerplexityBot]" time="0.100" /><testcase classname="backend.tests.test_iteration5_features.TestRobotsTxt" name="test_ai_bot_allow_listed[Google-Extended]" time="0.096" /><testcase classname="backend.tests.test_iteration5_features.TestRobotsTxt" name="test_sitemap_line" time="0.101" /><testcase classname="backend.tests.test_iteration5_features.TestFreshnessTickSource" name="test_function_defined" time="0.000" /><testcase classname="backend.tests.test_iteration5_features.TestFreshnessTickSource" name="test_23_hour_bail" time="0.000" /><testcase classname="backend.tests.test_iteration5_features.TestFreshnessTickSource" name="test_picks_oldest_stale" time="0.000" /><testcase classname="backend.tests.test_iteration5_features.TestFreshnessTickSource" name="test_calls_llm" time="0.000" /><testcase classname="backend.tests.test_iteration5_features.TestFreshnessTickSource" name="test_updates_lead_faq_updated_at" time="0.000" /><testcase classname="backend.tests.test_iteration5_features.TestFreshnessTickSource" name="test_persists_settings" time="0.000" /><testcase classname="backend.tests.test_iteration5_features.TestFreshnessTickSource" name="test_autotick_wires_freshness" time="0.000" /><testcase classname="backend.tests.test_iteration5_features.TestSchemaMigration" name="test_schema_adds_columns" time="0.000" /><testcase classname="backend.tests.test_iteration5_features.TestSchemaMigration" name="test_idempotent" time="0.000" /><testcase classname="backend.tests.test_iteration5_features.TestLlmPrompts" name="test_regional_blog_prompt_requires_lead" time="0.000" /><testcase classname="backend.tests.test_iteration5_features.TestLlmPrompts" name="test_regional_prompt_requires_statistic" time="0.000" /><testcase classname="backend.tests.test_iteration5_features.TestLlmPrompts" name="test_trends_prompt_json_only" time="0.000" /><testcase classname="backend.tests.test_iteration5_features.TestInsertStatements" name="test_inserts_include_lead_column" time="0.000" /><testcase classname="backend.tests.test_iteration5_features.TestInsertStatements" name="test_inserts_set_updated_at_now" time="0.000" /><testcase classname="backend.tests.test_iteration5_features.TestPublicPagesStill200" name="test_page_200[/]" time="1.143" /><testcase classname="backend.tests.test_iteration5_features.TestPublicPagesStill200" name="test_page_200[/shop.php]" time="1.171" /><testcase classname="backend.tests.test_iteration5_features.TestPublicPagesStill200" name="test_page_200[/reviews.php]" time="1.135" /><testcase classname="backend.tests.test_iteration5_features.TestPublicPagesStill200" name="test_page_200[/blog.php]" time="1.141" /><testcase classname="backend.tests.test_iteration5_features.TestPublicPagesStill200" name="test_page_200[/product.php?slug=bitdefender-antivirus-for-mac-1-mac-1-year]" time="1.182" /><testcase classname="backend.tests.test_iteration5_features.TestPublicPagesStill200" name="test_page_200[/category.php?slug=office-pc]" time="1.191" /><testcase classname="backend.tests.test_iteration5_features.TestPublicPagesStill200" name="test_page_200[/about-us.php]" time="1.175" /><testcase classname="backend.tests.test_iteration5_features.TestPublicPagesStill200" name="test_page_200[/contact.php]" time="1.144" /><testcase classname="backend.tests.test_iteration6_features.TestAdminPostsQuickActions" name="test_post_filters_block_exists" time="0.400" /><testcase classname="backend.tests.test_iteration6_features.TestAdminPostsQuickActions" name="test_posts_quick_actions_block_exists" time="0.000" /><testcase classname="backend.tests.test_iteration6_features.TestAdminPostsQuickActions" name="test_quick_region_select_exists" time="0.000" /><testcase classname="backend.tests.test_iteration6_features.TestAdminPostsQuickActions" name="test_write_one_btn_exists_with_pencil_icon" time="0.000" /><testcase classname="backend.tests.test_iteration6_features.TestAdminPostsQuickActions" name="test_random_btn_exists_with_shuffle_icon" time="0.000" /><testcase classname="backend.tests.test_iteration6_features.TestAdminPostsQuickActions" name="test_write_one_btn_has_green_styling" time="0.000" /><testcase classname="backend.tests.test_iteration6_features.TestAdminPostsQuickActions" name="test_random_btn_has_blue_styling" time="0.000" /><testcase classname="backend.tests.test_iteration6_features.TestAdminPostsQuickActions" name="test_buttons_have_data_base_href" time="0.001" /><testcase classname="backend.tests.test_iteration6_features.TestAdminPostsQuickActions" name="test_quick_region_js_wires_filter_pills" time="0.000" /><testcase classname="backend.tests.test_iteration6_features.TestHubRouting" name="test_hub_returns_200[microsoft-office]" time="0.106" /><testcase classname="backend.tests.test_iteration6_features.TestHubRouting" name="test_hub_returns_200[windows]" time="0.124" /><testcase classname="backend.tests.test_iteration6_features.TestHubRouting" name="test_hub_returns_200[antivirus]" time="0.104" /><testcase classname="backend.tests.test_iteration6_features.TestHubRouting" name="test_hub_trailing_slash_returns_200[microsoft-office]" time="0.098" /><testcase classname="backend.tests.test_iteration6_features.TestHubRouting" name="test_hub_trailing_slash_returns_200[windows]" time="0.099" /><testcase classname="backend.tests.test_iteration6_features.TestHubRouting" name="test_hub_trailing_slash_returns_200[antivirus]" time="0.110" /><testcase classname="backend.tests.test_iteration6_features.TestHubRouting" name="test_hub_invalid_slug_returns_404" time="0.108" /><testcase classname="backend.tests.test_iteration6_features.TestHubJsonLd" name="test_jsonld_blocks_count[microsoft-office]" time="0.103" /><testcase classname="backend.tests.test_iteration6_features.TestHubJsonLd" name="test_jsonld_all_valid_json[microsoft-office]" time="0.001" /><testcase classname="backend.tests.test_iteration6_features.TestHubJsonLd" name="test_jsonld_collectionpage_present[microsoft-office]" time="0.001" /><testcase classname="backend.tests.test_iteration6_features.TestHubJsonLd" name="test_jsonld_breadcrumb_present[microsoft-office]" time="0.001" /><testcase classname="backend.tests.test_iteration6_features.TestHubJsonLd" name="test_jsonld_faqpage_min_8_questions[microsoft-office]" time="0.001" /><testcase classname="backend.tests.test_iteration6_features.TestHubJsonLd" name="test_jsonld_itemlist_positive[microsoft-office]" time="0.000" /><testcase classname="backend.tests.test_iteration6_features.TestHubJsonLd" name="test_jsonld_blocks_count[windows]" time="0.104" /><testcase classname="backend.tests.test_iteration6_features.TestHubJsonLd" name="test_jsonld_all_valid_json[windows]" time="0.000" /><testcase classname="backend.tests.test_iteration6_features.TestHubJsonLd" name="test_jsonld_collectionpage_present[windows]" time="0.000" /><testcase classname="backend.tests.test_iteration6_features.TestHubJsonLd" name="test_jsonld_breadcrumb_present[windows]" time="0.000" /><testcase classname="backend.tests.test_iteration6_features.TestHubJsonLd" name="test_jsonld_faqpage_min_8_questions[windows]" time="0.000" /><testcase classname="backend.tests.test_iteration6_features.TestHubJsonLd" name="test_jsonld_itemlist_positive[windows]" time="0.000" /><testcase classname="backend.tests.test_iteration6_features.TestHubJsonLd" name="test_jsonld_blocks_count[antivirus]" time="0.099" /><testcase classname="backend.tests.test_iteration6_features.TestHubJsonLd" name="test_jsonld_all_valid_json[antivirus]" time="0.000" /><testcase classname="backend.tests.test_iteration6_features.TestHubJsonLd" name="test_jsonld_collectionpage_present[antivirus]" time="0.000" /><testcase classname="backend.tests.test_iteration6_features.TestHubJsonLd" name="test_jsonld_breadcrumb_present[antivirus]" time="0.000" /><testcase classname="backend.tests.test_iteration6_features.TestHubJsonLd" name="test_jsonld_faqpage_min_8_questions[antivirus]" time="0.000" /><testcase classname="backend.tests.test_iteration6_features.TestHubJsonLd" name="test_jsonld_itemlist_positive[antivirus]" time="0.000" /><testcase classname="backend.tests.test_iteration6_features.TestHubVisibleElements" name="test_required_testid_present[microsoft-office-hub-hero]" time="0.109" /><testcase classname="backend.tests.test_iteration6_features.TestHubVisibleElements" name="test_required_testid_present[microsoft-office-hub-h1]" time="0.000" /><testcase classname="backend.tests.test_iteration6_features.TestHubVisibleElements" name="test_required_testid_present[microsoft-office-hub-stats]" time="0.000" /><testcase classname="backend.tests.test_iteration6_features.TestHubVisibleElements" name="test_required_testid_present[microsoft-office-hub-quick-answer]" time="0.000" /><testcase classname="backend.tests.test_iteration6_features.TestHubVisibleElements" name="test_required_testid_present[microsoft-office-hub-quick-answer-body]" time="0.000" /><testcase classname="backend.tests.test_iteration6_features.TestHubVisibleElements" name="test_required_testid_present[microsoft-office-hub-toc]" time="0.000" /><testcase classname="backend.tests.test_iteration6_features.TestHubVisibleElements" name="test_required_testid_present[microsoft-office-hub-products]" time="0.000" /><testcase classname="backend.tests.test_iteration6_features.TestHubVisibleElements" name="test_required_testid_present[microsoft-office-hub-faqs]" time="0.000" /><testcase classname="backend.tests.test_iteration6_features.TestHubVisibleElements" name="test_required_testid_present[microsoft-office-hub-related]" time="0.000" /><testcase classname="backend.tests.test_iteration6_features.TestHubVisibleElements" name="test_required_testid_present[microsoft-office-hub-cta-primary]" time="0.000" /><testcase classname="backend.tests.test_iteration6_features.TestHubVisibleElements" name="test_required_testid_present[microsoft-office-hub-breadcrumb]" time="0.000" /><testcase classname="backend.tests.test_iteration6_features.TestHubVisibleElements" name="test_hub_h1_contains_topic_title[microsoft-office]" time="0.000" /><testcase classname="backend.tests.test_iteration6_features.TestHubVisibleElements" name="test_hub_related_links_to_other_two_hubs[microsoft-office]" time="0.000" /><testcase classname="backend.tests.test_iteration6_features.TestHubVisibleElements" name="test_hub_breadcrumb_has_3_items[microsoft-office]" time="0.000" /><testcase classname="backend.tests.test_iteration6_features.TestHubVisibleElements" name="test_hub_faq_accordions[microsoft-office]" time="0.000" /><testcase classname="backend.tests.test_iteration6_features.TestHubVisibleElements" name="test_required_testid_present[windows-hub-hero]" time="0.126" /><testcase classname="backend.tests.test_iteration6_features.TestHubVisibleElements" name="test_required_testid_present[windows-hub-h1]" time="0.000" /><testcase classname="backend.tests.test_iteration6_features.TestHubVisibleElements" name="test_required_testid_present[windows-hub-stats]" time="0.000" /><testcase classname="backend.tests.test_iteration6_features.TestHubVisibleElements" name="test_required_testid_present[windows-hub-quick-answer]" time="0.000" /><testcase classname="backend.tests.test_iteration6_features.TestHubVisibleElements" name="test_required_testid_present[windows-hub-quick-answer-body]" time="0.000" /><testcase classname="backend.tests.test_iteration6_features.TestHubVisibleElements" name="test_required_testid_present[windows-hub-toc]" time="0.000" /><testcase classname="backend.tests.test_iteration6_features.TestHubVisibleElements" name="test_required_testid_present[windows-hub-products]" time="0.000" /><testcase classname="backend.tests.test_iteration6_features.TestHubVisibleElements" name="test_required_testid_present[windows-hub-faqs]" time="0.000" /><testcase classname="backend.tests.test_iteration6_features.TestHubVisibleElements" name="test_required_testid_present[windows-hub-related]" time="0.000" /><testcase classname="backend.tests.test_iteration6_features.TestHubVisibleElements" name="test_required_testid_present[windows-hub-cta-primary]" time="0.000" /><testcase classname="backend.tests.test_iteration6_features.TestHubVisibleElements" name="test_required_testid_present[windows-hub-breadcrumb]" time="0.000" /><testcase classname="backend.tests.test_iteration6_features.TestHubVisibleElements" name="test_hub_h1_contains_topic_title[windows]" time="0.000" /><testcase classname="backend.tests.test_iteration6_features.TestHubVisibleElements" name="test_hub_related_links_to_other_two_hubs[windows]" time="0.000" /><testcase classname="backend.tests.test_iteration6_features.TestHubVisibleElements" name="test_hub_breadcrumb_has_3_items[windows]" time="0.000" /><testcase classname="backend.tests.test_iteration6_features.TestHubVisibleElements" name="test_hub_faq_accordions[windows]" time="0.000" /><testcase classname="backend.tests.test_iteration6_features.TestHubVisibleElements" name="test_required_testid_present[antivirus-hub-hero]" time="0.105" /><testcase classname="backend.tests.test_iteration6_features.TestHubVisibleElements" name="test_required_testid_present[antivirus-hub-h1]" time="0.000" /><testcase classname="backend.tests.test_iteration6_features.TestHubVisibleElements" name="test_required_testid_present[antivirus-hub-stats]" time="0.000" /><testcase classname="backend.tests.test_iteration6_features.TestHubVisibleElements" name="test_required_testid_present[antivirus-hub-quick-answer]" time="0.000" /><testcase classname="backend.tests.test_iteration6_features.TestHubVisibleElements" name="test_required_testid_present[antivirus-hub-quick-answer-body]" time="0.000" /><testcase classname="backend.tests.test_iteration6_features.TestHubVisibleElements" name="test_required_testid_present[antivirus-hub-toc]" time="0.000" /><testcase classname="backend.tests.test_iteration6_features.TestHubVisibleElements" name="test_required_testid_present[antivirus-hub-products]" time="0.002" /><testcase classname="backend.tests.test_iteration6_features.TestHubVisibleElements" name="test_required_testid_present[antivirus-hub-faqs]" time="0.000" /><testcase classname="backend.tests.test_iteration6_features.TestHubVisibleElements" name="test_required_testid_present[antivirus-hub-related]" time="0.001" /><testcase classname="backend.tests.test_iteration6_features.TestHubVisibleElements" name="test_required_testid_present[antivirus-hub-cta-primary]" time="0.000" /><testcase classname="backend.tests.test_iteration6_features.TestHubVisibleElements" name="test_required_testid_present[antivirus-hub-breadcrumb]" time="0.000" /><testcase classname="backend.tests.test_iteration6_features.TestHubVisibleElements" name="test_hub_h1_contains_topic_title[antivirus]" time="0.001" /><testcase classname="backend.tests.test_iteration6_features.TestHubVisibleElements" name="test_hub_related_links_to_other_two_hubs[antivirus]" time="0.000" /><testcase classname="backend.tests.test_iteration6_features.TestHubVisibleElements" name="test_hub_breadcrumb_has_3_items[antivirus]" time="0.000" /><testcase classname="backend.tests.test_iteration6_features.TestHubVisibleElements" name="test_hub_faq_accordions[antivirus]" time="0.001" /><testcase classname="backend.tests.test_iteration6_features.TestHubAggregationCounts" name="test_min_product_cards[microsoft-office-4]" time="0.109" /><testcase classname="backend.tests.test_iteration6_features.TestHubAggregationCounts" name="test_min_product_cards[windows-2]" time="0.102" /><testcase classname="backend.tests.test_iteration6_features.TestHubAggregationCounts" name="test_min_product_cards[antivirus-2]" time="0.101" /><testcase classname="backend.tests.test_iteration6_features.TestHubNavbarLinks" name="test_menu_hub_office_present" time="0.071" /><testcase classname="backend.tests.test_iteration6_features.TestHubNavbarLinks" name="test_menu_hub_office_href" time="0.001" /><testcase classname="backend.tests.test_iteration6_features.TestHubNavbarLinks" name="test_menu_hub_windows_present" time="0.000" /><testcase classname="backend.tests.test_iteration6_features.TestHubNavbarLinks" name="test_menu_hub_antivirus_present" time="0.000" /><testcase classname="backend.tests.test_iteration6_features.TestHubNavbarLinks" name="test_menu_hub_antivirus_href" time="0.000" /><testcase classname="backend.tests.test_iteration6_features.TestHubSitemap" name="test_hub_in_sitemap[microsoft-office]" time="0.097" /><testcase classname="backend.tests.test_iteration6_features.TestHubSitemap" name="test_hub_in_sitemap[windows]" time="0.000" /><testcase classname="backend.tests.test_iteration6_features.TestHubSitemap" name="test_hub_in_sitemap[antivirus]" time="0.000" /><testcase classname="backend.tests.test_iteration6_features.TestHubSitemap" name="test_sitemap_parses_as_xml" time="0.002" /><testcase classname="backend.tests.test_iteration6_features.TestHubSitemap" name="test_hub_priority_0_9[microsoft-office]" time="0.000" /><testcase classname="backend.tests.test_iteration6_features.TestHubSitemap" name="test_hub_priority_0_9[windows]" time="0.000" /><testcase classname="backend.tests.test_iteration6_features.TestHubSitemap" name="test_hub_priority_0_9[antivirus]" time="0.000" /><testcase classname="backend.tests.test_iteration6_features.TestPublicPagesRegression" name="test_status_200[/]" time="0.062" /><testcase classname="backend.tests.test_iteration6_features.TestPublicPagesRegression" name="test_status_200[/shop.php]" time="0.056" /><testcase classname="backend.tests.test_iteration6_features.TestPublicPagesRegression" name="test_status_200[/reviews.php]" time="0.057" /><testcase classname="backend.tests.test_iteration6_features.TestPublicPagesRegression" name="test_status_200[/blog.php]" time="0.083" /><testcase classname="backend.tests.test_iteration6_features.TestPublicPagesRegression" name="test_status_200[/about-us.php]" time="0.056" /><testcase classname="backend.tests.test_iteration6_features.TestPublicPagesRegression" name="test_status_200[/contact.php]" time="0.054" /><testcase classname="backend.tests.test_iteration6_features.TestPublicPagesRegression" name="test_status_200[/product.php?slug=microsoft-office-2024-home-and-business-pc]" time="0.115" /><testcase classname="backend.tests.test_iteration6_features.TestPublicPagesRegression" name="test_status_200[/category.php?slug=office-pc]" time="0.114" /><testcase classname="backend.tests.test_iteration7_scroll_preserve.TestSectionIds" name="test_every_section_has_id" time="1.838" /><testcase classname="backend.tests.test_iteration7_scroll_preserve.TestScrollPreserver" name="test_script_is_present" time="0.463" /><testcase classname="backend.tests.test_iteration7_scroll_preserve.TestScrollPreserver" name="test_scrolly_restored_after_form_submit" time="4.083" /><testcase classname="backend.tests.test_iteration7_scroll_preserve.TestScrollPreserver" name="test_open_details_restored_after_form_submit" time="3.827" /><testcase classname="backend.tests.test_iteration7_scroll_preserve.TestScrollPreserver" name="test_state_NOT_restored_after_30_seconds" time="2.393" /><testcase classname="backend.tests.test_iteration7_scroll_preserve.TestScrollPreserver" name="test_state_NOT_restored_across_different_tabs" time="2.393" /><testcase classname="backend.tests.test_iteration8_topic_hubs" name="test_topic_hubs_table_exists" time="0.017" /><testcase classname="backend.tests.test_iteration8_topic_hubs" name="test_topic_hubs_seed_defaults_present" time="0.008" /><testcase classname="backend.tests.test_iteration8_topic_hubs" name="test_public_hub_renders[microsoft-office]" time="0.161" /><testcase classname="backend.tests.test_iteration8_topic_hubs" name="test_public_hub_renders[windows]" time="0.150" /><testcase classname="backend.tests.test_iteration8_topic_hubs" name="test_public_hub_renders[antivirus]" time="0.151" /><testcase classname="backend.tests.test_iteration8_topic_hubs" name="test_sitemap_includes_every_active_hub" time="0.153" /><testcase classname="backend.tests.test_iteration8_topic_hubs" name="test_category_page_shows_hub_backlink" time="0.146" /><testcase classname="backend.tests.test_iteration8_topic_hubs" name="test_product_page_shows_hub_backlink" time="0.161" /><testcase classname="backend.tests.test_iteration8_topic_hubs" name="test_admin_create_toggle_delete_hub" time="1.336" /><testcase classname="backend.tests.test_iteration8_topic_hubs" name="test_autogenerate_is_idempotent" time="0.438" /><testcase classname="backend.tests.test_iteration8_topic_hubs" name="test_gsc_csv_upload_creates_queries_and_clusters" time="0.255" /><testcase classname="backend.tests.test_iteration8_topic_hubs" name="test_create_hub_from_cluster" time="0.535" /><testcase classname="backend.tests.test_iteration8_topic_hubs" name="test_admin_edit_hub_form_prefills" time="0.108" /><testcase classname="backend.tests.test_iteration8_topic_hubs" name="test_hub_video_jsonld_emitted_when_videos_present" time="0.594" /><testcase classname="backend.tests.test_seo_php.TestBlog" name="test_blog_index_loads" time="1.163" /><testcase classname="backend.tests.test_seo_php.TestBlog" name="test_blog_search_filter" time="0.054" /><testcase classname="backend.tests.test_seo_php.TestBlog" name="test_blog_no_match_shows_empty_state" time="0.065" /><testcase classname="backend.tests.test_seo_php.TestBlog" name="test_blog_region_filter_no_error_when_column_missing" time="0.050" /><testcase classname="backend.tests.test_seo_php.TestProductSEO" name="test_product_seo_sections_present" time="0.147" /><testcase classname="backend.tests.test_seo_php.TestProductSEO" name="test_product_jsonld_seven_blocks_valid" time="0.001" /><testcase classname="backend.tests.test_seo_php.TestProductSEO" name="test_product_schema_seller_not_empty_and_reviews" time="0.000" /><testcase classname="backend.tests.test_seo_php.TestProductSEO" name="test_product_hero_fetchpriority_and_preload" time="0.000" /><testcase classname="backend.tests.test_seo_php.TestProductSEO" name="test_product_h1_and_h2s_present" time="0.000" /><testcase classname="backend.tests.test_seo_php.TestProductSEO" name="test_product_deep_cluster_links" time="0.001" /><testcase classname="backend.tests.test_seo_php.TestProductSEO" name="test_product_cart_buttons_regression" time="0.001" /><testcase classname="backend.tests.test_seo_php.TestCategorySEO" name="test_category_renders_and_jsonld[office-pc]" time="0.146" /><testcase classname="backend.tests.test_seo_php.TestCategorySEO" name="test_category_renders_and_jsonld[office-mac]" time="0.156" /><testcase classname="backend.tests.test_seo_php.TestCategorySEO" name="test_category_renders_and_jsonld[office-2024-pc]" time="0.163" /><testcase classname="backend.tests.test_seo_php.TestCategorySEO" name="test_category_renders_and_jsonld[windows-11]" time="0.147" /><testcase classname="backend.tests.test_seo_php.TestCategorySEO" name="test_category_renders_and_jsonld[bitdefender]" time="0.155" /><testcase classname="backend.tests.test_seo_php.TestCategorySEO" name="test_category_renders_and_jsonld[mcafee]" time="0.156" /><testcase classname="backend.tests.test_seo_php.TestCategorySEO" name="test_category_renders_and_jsonld[antivirus]" time="0.154" /><testcase classname="backend.tests.test_seo_php.TestCategorySEO" name="test_category_office_pc_meta_and_title" time="0.143" /><testcase classname="backend.tests.test_seo_php.TestRegression" name="test_public_pages_still_200[/]" time="0.058" /><testcase classname="backend.tests.test_seo_php.TestRegression" name="test_public_pages_still_200[/shop.php]" time="0.054" /><testcase classname="backend.tests.test_seo_php.TestRegression" name="test_public_pages_still_200[/reviews.php]" time="0.054" /><testcase classname="backend.tests.test_seo_php.TestAdminSitemap" name="test_admin_sitemap_submit" time="0.779" /><testcase classname="backend.tests.test_seo_php.TestAdminSitemap" name="test_admin_save_site_domain_url" time="0.445" /></testsuite></testsuites>