<?xml version="1.0" encoding="utf-8"?><testsuites name="pytest tests"><testsuite name="pytest" errors="0" failures="0" skipped="0" tests="78" time="4.189" timestamp="2026-06-14T21:15:51.159806+00:00" hostname="agent-env-36033949-5691-41fd-ac58-3fdec7b3c83e"><testcase classname="backend.tests.test_iteration2_features.TestReviewStars" name="test_stars_have_testids_and_no_pre_check" time="0.009" /><testcase classname="backend.tests.test_iteration2_features.TestReviewStars" name="test_server_rejects_empty_rating" time="0.008" /><testcase classname="backend.tests.test_iteration2_features.TestDarkModePolish" name="test_public_header_loads_dark_mode_polish_css" time="0.010" /><testcase classname="backend.tests.test_iteration2_features.TestDarkModePolish" name="test_admin_shell_loads_dark_mode_polish_css" time="0.246" /><testcase classname="backend.tests.test_iteration2_features.TestSitemapFlash" name="test_admin_source_has_no_ping_urls" time="0.004" /><testcase classname="backend.tests.test_iteration2_features.TestSitemapFlash" name="test_sitemap_submit_flash_no_deprecated_word" time="0.242" /><testcase classname="backend.tests.test_iteration2_features.TestAutoSitemapHint" name="test_hint_renders_when_domain_set" time="0.913" /><testcase classname="backend.tests.test_iteration2_features.TestSitemapButton" name="test_button_pre_submit_state" time="0.067" /><testcase classname="backend.tests.test_iteration2_features.TestSitemapButton" name="test_button_post_submit_state" time="0.074" /><testcase classname="backend.tests.test_iteration2_features.TestBlogFilter" name="test_blog_filter_form_present" time="0.006" /><testcase classname="backend.tests.test_iteration2_features.TestBlogFilter" name="test_blog_region_param_no_crash" time="0.006" /><testcase classname="backend.tests.test_iteration2_features.TestLogoPlacements" name="test_homepage_navbar_logo" time="0.009" /><testcase classname="backend.tests.test_iteration2_features.TestLogoPlacements" name="test_checkout_banner_logo" time="0.009" /><testcase classname="backend.tests.test_iteration2_features.TestLogoPlacements" name="test_admin_topbar_logo" time="0.060" /><testcase classname="backend.tests.test_iteration2_features.TestProductSixBlocks" name="test_six_blocks_and_all_parse" time="0.007" /><testcase classname="backend.tests.test_iteration2_features.TestProductSixBlocks" name="test_article_ai_summary_shape" time="0.000" /><testcase classname="backend.tests.test_iteration2_features.TestProductSixBlocks" name="test_product_seller_name" time="0.000" /><testcase classname="backend.tests.test_iteration2_features.TestCategoryFiveBlocks" name="test_office_pc_has_5_blocks" time="0.007" /><testcase classname="backend.tests.test_iteration2_features" name="test_public_pages_still_200[/-None]" time="0.009" /><testcase classname="backend.tests.test_iteration2_features" name="test_public_pages_still_200[/shop.php-None]" time="0.009" /><testcase classname="backend.tests.test_iteration2_features" name="test_public_pages_still_200[/reviews.php-None]" time="0.006" /><testcase classname="backend.tests.test_iteration2_features" name="test_public_pages_still_200[/blog.php-None]" time="0.006" /><testcase classname="backend.tests.test_iteration2_features" name="test_public_pages_still_200[/product.php-params4]" time="0.007" /><testcase classname="backend.tests.test_iteration2_features" name="test_public_pages_still_200[/category.php-params5]" time="0.008" /><testcase classname="backend.tests.test_iteration3_features.TestPublicBlogRegionFilter" name="test_region_returns_globals_plus_region[US]" time="0.061" /><testcase classname="backend.tests.test_iteration3_features.TestPublicBlogRegionFilter" name="test_region_returns_globals_plus_region[UK]" time="0.008" /><testcase classname="backend.tests.test_iteration3_features.TestPublicBlogRegionFilter" name="test_region_returns_globals_plus_region[CA]" time="0.006" /><testcase classname="backend.tests.test_iteration3_features.TestPublicBlogRegionFilter" name="test_region_returns_globals_plus_region[AU]" time="0.007" /><testcase classname="backend.tests.test_iteration3_features.TestPublicBlogRegionFilter" name="test_region_us_includes_known_us_post_and_global_post" time="0.006" /><testcase classname="backend.tests.test_iteration3_features.TestPublicBlogCombinedFilter" name="test_q_and_region_both_applied" time="0.012" /><testcase classname="backend.tests.test_iteration3_features.TestPublicBlogCombinedFilter" name="test_q_only_no_crash" time="0.007" /><testcase classname="backend.tests.test_iteration3_features.TestAdminPublishedBlogList" name="test_published_blog_list_present" time="0.252" /><testcase classname="backend.tests.test_iteration3_features.TestAdminPublishedBlogList" name="test_at_least_one_published_blog_row" time="0.000" /><testcase classname="backend.tests.test_iteration3_features.TestAdminPublishedBlogList" name="test_each_row_carries_region_attrs" time="0.000" /><testcase classname="backend.tests.test_iteration3_features.TestAdminPublishedBlogList" name="test_global_rows_render_globe_emoji_and_global_label" time="0.000" /><testcase classname="backend.tests.test_iteration3_features.TestAdminPublishedBlogList" name="test_region_specific_row_shows_country_flag_and_code" time="0.000" /><testcase classname="backend.tests.test_iteration3_features.TestAdminCountryPillScript" name="test_script_logic_keeps_globals_visible" time="0.055" /><testcase classname="backend.tests.test_iteration3_features.TestLlmJsonDecode" name="test_pure_json" time="0.039" /><testcase classname="backend.tests.test_iteration3_features.TestLlmJsonDecode" name="test_fenced_json" time="0.039" /><testcase classname="backend.tests.test_iteration3_features.TestLlmJsonDecode" name="test_chatty_prefix_plus_fence" time="0.040" /><testcase classname="backend.tests.test_iteration3_features.TestLlmJsonDecode" name="test_smart_quotes" time="0.039" /><testcase classname="backend.tests.test_iteration3_features.TestLlmJsonDecode" name="test_raw_newlines_inside_string" time="0.039" /><testcase classname="backend.tests.test_iteration3_features.TestLlmJsonDecode" name="test_garbage_returns_null" time="0.040" /><testcase classname="backend.tests.test_iteration3_features.TestLlmJsonDecode" name="test_trends_prompt_demands_pure_json" time="0.000" /><testcase classname="backend.tests.test_iteration3_features.TestTrendsErrorSnippet" name="test_error_format_in_source" time="0.000" /><testcase classname="backend.tests.test_iteration3_features.TestAutoWeeklyUI" name="test_form_and_toggle_and_hint_present" time="0.056" /><testcase classname="backend.tests.test_iteration3_features.TestAutoWeeklyUI" name="test_toggle_off_hint_says_off" time="0.067" /><testcase classname="backend.tests.test_iteration3_features.TestAutoWeeklyUI" name="test_toggle_on_hint_mentions_on_and_indexnow_7_days" time="0.079" /><testcase classname="backend.tests.test_iteration3_features.TestAutoWeeklyPersistence" name="test_post_persists_one" time="0.241" /><testcase classname="backend.tests.test_iteration3_features.TestAutoWeeklyPersistence" name="test_post_without_checkbox_persists_zero" time="0.092" /><testcase classname="backend.tests.test_iteration3_features.TestWeeklyTick" name="test_function_exists" time="0.000" /><testcase classname="backend.tests.test_iteration3_features.TestWeeklyTick" name="test_off_is_noop" time="0.062" /><testcase classname="backend.tests.test_iteration3_features.TestWeeklyTick" name="test_on_within_7_days_is_noop" time="0.092" /><testcase classname="backend.tests.test_iteration3_features.TestWeeklyTick" name="test_on_older_than_7_days_reaches_indexnow_path" time="0.241" /><testcase classname="backend.tests.test_seo_php.TestBlog" name="test_blog_index_loads" time="0.008" /><testcase classname="backend.tests.test_seo_php.TestBlog" name="test_blog_search_filter" time="0.007" /><testcase classname="backend.tests.test_seo_php.TestBlog" name="test_blog_no_match_shows_empty_state" time="0.007" /><testcase classname="backend.tests.test_seo_php.TestBlog" name="test_blog_region_filter_no_error_when_column_missing" time="0.007" /><testcase classname="backend.tests.test_seo_php.TestProductSEO" name="test_product_seo_sections_present" time="0.007" /><testcase classname="backend.tests.test_seo_php.TestProductSEO" name="test_product_jsonld_six_blocks_valid" time="0.001" /><testcase classname="backend.tests.test_seo_php.TestProductSEO" name="test_product_schema_seller_not_empty_and_reviews" time="0.000" /><testcase classname="backend.tests.test_seo_php.TestProductSEO" name="test_product_hero_fetchpriority_and_preload" time="0.000" /><testcase classname="backend.tests.test_seo_php.TestProductSEO" name="test_product_h1_and_h2s_present" time="0.000" /><testcase classname="backend.tests.test_seo_php.TestProductSEO" name="test_product_deep_cluster_links" time="0.001" /><testcase classname="backend.tests.test_seo_php.TestProductSEO" name="test_product_cart_buttons_regression" time="0.001" /><testcase classname="backend.tests.test_seo_php.TestCategorySEO" name="test_category_renders_and_jsonld[office-pc]" time="0.007" /><testcase classname="backend.tests.test_seo_php.TestCategorySEO" name="test_category_renders_and_jsonld[office-mac]" time="0.007" /><testcase classname="backend.tests.test_seo_php.TestCategorySEO" name="test_category_renders_and_jsonld[office-2024-pc]" time="0.007" /><testcase classname="backend.tests.test_seo_php.TestCategorySEO" name="test_category_renders_and_jsonld[windows-11]" time="0.006" /><testcase classname="backend.tests.test_seo_php.TestCategorySEO" name="test_category_renders_and_jsonld[bitdefender]" time="0.007" /><testcase classname="backend.tests.test_seo_php.TestCategorySEO" name="test_category_renders_and_jsonld[mcafee]" time="0.006" /><testcase classname="backend.tests.test_seo_php.TestCategorySEO" name="test_category_renders_and_jsonld[antivirus]" time="0.007" /><testcase classname="backend.tests.test_seo_php.TestCategorySEO" name="test_category_office_pc_meta_and_title" time="0.007" /><testcase classname="backend.tests.test_seo_php.TestRegression" name="test_public_pages_still_200[/]" time="0.011" /><testcase classname="backend.tests.test_seo_php.TestRegression" name="test_public_pages_still_200[/shop.php]" time="0.010" /><testcase classname="backend.tests.test_seo_php.TestRegression" name="test_public_pages_still_200[/reviews.php]" time="0.007" /><testcase classname="backend.tests.test_seo_php.TestAdminSitemap" name="test_admin_sitemap_submit" time="0.354" /><testcase classname="backend.tests.test_seo_php.TestAdminSitemap" name="test_admin_save_site_domain_url" time="0.316" /></testsuite></testsuites>