<?xml version="1.0" encoding="utf-8"?><testsuites name="pytest tests"><testsuite name="pytest" errors="0" failures="0" skipped="0" tests="24" time="8.449" timestamp="2026-06-11T10:22:36.827207+00:00" hostname="agent-env-a8a02eb6-04e8-4b39-b302-c93fe41be816"><testcase classname="tests.test_admin" name="test_admin_routes_require_admin" time="0.249" /><testcase classname="tests.test_admin" name="test_admin_stats" time="0.297" /><testcase classname="tests.test_admin" name="test_admin_update_product" time="0.089" /><testcase classname="tests.test_admin" name="test_out_of_stock_blocks_checkout" time="0.090" /><testcase classname="tests.test_admin" name="test_key_inventory_crud" time="0.179" /><testcase classname="tests.test_admin" name="test_leads_endpoint" time="0.047" /><testcase classname="tests.test_admin" name="test_fulfillment_assigns_key_and_queues_email" time="0.835" /><testcase classname="tests.test_admin" name="test_order_status_transitions" time="0.790" /><testcase classname="tests.test_admin" name="test_email_outbox_queued_when_no_resend_key" time="0.574" /><testcase classname="tests.test_api" name="test_root" time="0.022" /><testcase classname="tests.test_api" name="test_products_list" time="0.044" /><testcase classname="tests.test_api" name="test_product_detail" time="0.086" /><testcase classname="tests.test_api" name="test_categories" time="0.043" /><testcase classname="tests.test_api" name="test_register_login_me_flow" time="0.846" /><testcase classname="tests.test_api" name="test_admin_login" time="0.268" /><testcase classname="tests.test_api" name="test_me_unauthenticated" time="0.042" /><testcase classname="tests.test_api" name="test_checkout_session_creates_order" time="0.657" /><testcase classname="tests.test_api" name="test_checkout_rejects_unknown_product" time="0.043" /><testcase classname="tests.test_api" name="test_orders_my_requires_auth" time="0.042" /><testcase classname="tests.test_auth_extra" name="test_refresh_endpoint" time="0.288" /><testcase classname="tests.test_auth_extra" name="test_logout_clears_cookies" time="0.309" /><testcase classname="tests.test_auth_extra" name="test_brute_force_lockout" time="1.700" /><testcase classname="tests.test_auth_extra" name="test_google_session_bearer" time="0.050" /><testcase classname="tests.test_auth_extra" name="test_orders_my_returns_user_orders" time="0.693" /></testsuite></testsuites>